<?xml version="1.0" encoding="UTF-8"?>
<!-- Generated by org.testng.reporters.JUnitReportReporter -->
<testsuite skipped="0" hostname="DESKTOP-B3TVBDN" name="DemoJenkingsTesting.DemoJenkins" tests="1" failures="0" timestamp="2020-08-14T17:29:46 IST" time="46.214" errors="0">
  <testcase name="mainTestMethod" time="46.214" classname="DemoJenkingsTesting.DemoJenkins"/>
  <system-out/>
</testsuite> <!-- DemoJenkingsTesting.DemoJenkins -->
