<?xml version="1.0" encoding="UTF-8"?>
<!-- Generated by org.testng.reporters.JUnitReportReporter -->
<testsuite skipped="0" hostname="DESKTOP-B3TVBDN" name="DemoJenkins" tests="1" failures="0" timestamp="2020-08-02T12:58:11 IST" time="37.410" errors="0">
  <testcase name="mainTestMethod" time="37.410" classname="DemoJenkins"/>
  <system-out/>
</testsuite> <!-- DemoJenkins -->
