<?xml version="1.0" encoding="UTF-8"?>
<!-- Generated by org.testng.reporters.JUnitReportReporter -->
<testsuite skipped="0" hostname="DESKTOP-B3TVBDN" name="DemoJenkingsTesting.DemoJenkins" tests="1" failures="0" timestamp="2020-08-02T13:01:28 IST" time="33.476" errors="0">
  <testcase name="mainTestMethod" time="33.476" classname="DemoJenkingsTesting.DemoJenkins"/>
  <system-out/>
</testsuite> <!-- DemoJenkingsTesting.DemoJenkins -->
